<?xml version="1.0" encoding="UTF-8"?>
<!-- Generated by org.testng.reporters.JUnitXMLReporter -->
<testsuite ignored="0" hostname="DESKTOP-PDS6BS2" failures="0" tests="7" name="Test" time="118.658" errors="0" timestamp="2025-03-26T01:35:28 IST">
  <testcase classname="com.mystore.qa.testcases.IndexPageTest" name="indexPageValidationTest" time="0.121"/>
  <testcase classname="com.mystore.qa.testcases.IndexPageTest" name="clickSiginBtnTest" time="1.646"/>
  <testcase classname="com.mystore.qa.testcases.LoginPageTest" name="loginPageValidationTest" time="0.06"/>
  <testcase classname="com.mystore.qa.testcases.LoginPageTest" name="loginTest" time="5.59"/>
  <testcase classname="com.mystore.qa.testcases.SignupPageTest" name="signupPageValidationTest" time="0.049"/>
  <testcase classname="com.mystore.qa.testcases.SignupPageTest" name="createNewAccountTest" time="7.775"/>
  <testcase classname="com.mystore.qa.testcases.SearchProductPageTest" name="SearchProductTest" time="4.792"/>
</testsuite> <!-- Test -->
