<?xml version="1.0" encoding="UTF-8"?>
<!-- Generated by org.testng.reporters.JUnitXMLReporter -->
<testsuite ignored="0" hostname="DESKTOP-PDS6BS2" failures="0" tests="7" name="Test" time="133.164" errors="0" timestamp="2025-03-22T00:12:04 IST">
  <testcase classname="com.mystore.qa.testcases.SignupPageTest" name="signupPageValidationTest" time="0.101"/>
  <testcase classname="com.mystore.qa.testcases.SignupPageTest" name="createNewAccountTest" time="7.901"/>
  <testcase classname="com.mystore.qa.testcases.IndexPageTest" name="indexPageValidationTest" time="0.171"/>
  <testcase classname="com.mystore.qa.testcases.IndexPageTest" name="clickSiginBtnTest" time="1.443"/>
  <testcase classname="com.mystore.qa.testcases.LoginPageTest" name="loginPageValidationTest" time="0.062"/>
  <testcase classname="com.mystore.qa.testcases.LoginPageTest" name="loginTest" time="5.552"/>
  <testcase classname="com.mystore.qa.testcases.SearchProductTest" name="SearchProductTest" time="4.518"/>
</testsuite> <!-- Test -->
