<?xml version="1.0" encoding="UTF-8"?>
<!-- Generated by org.testng.reporters.JUnitXMLReporter -->
<testsuite ignored="0" hostname="DESKTOP-PDS6BS2" failures="0" tests="6" name="Test" time="178.135" errors="0" timestamp="2025-03-17T17:12:08 IST">
  <testcase classname="com.mystore.qa.testcases.IndexPageTest" name="indexPageValidationTest" time="0.123"/>
  <testcase classname="com.mystore.qa.testcases.IndexPageTest" name="clickSiginBtnTest" time="1.542"/>
  <testcase classname="com.mystore.qa.testcases.LoginPageTest" name="loginPageValidationTest" time="0.123"/>
  <testcase classname="com.mystore.qa.testcases.LoginPageTest" name="loginTest" time="3.135"/>
  <testcase classname="com.mystore.qa.testcases.SignupPageTest" name="signupPageValidationTest" time="0.066"/>
  <testcase classname="com.mystore.qa.testcases.SignupPageTest" name="createNewAccountTest" time="7.591"/>
</testsuite> <!-- Test -->
