<?xml version="1.0" encoding="UTF-8"?>
<!-- Generated by org.testng.reporters.JUnitXMLReporter -->
<testsuite ignored="0" hostname="DESKTOP-PDS6BS2" failures="0" tests="7" name="Test" time="648.714" errors="0" timestamp="2025-03-29T01:55:10 IST">
  <testcase classname="com.mystore.qa.testcases.IndexPageTest" name="indexPageValidationTest" time="0.162"/>
  <testcase classname="com.mystore.qa.testcases.IndexPageTest" name="clickSiginBtnTest" time="1.752"/>
  <testcase classname="com.mystore.qa.testcases.LoginPageTest" name="loginPageValidationTest" time="0.065"/>
  <testcase classname="com.mystore.qa.testcases.LoginPageTest" name="loginTest" time="5.238"/>
  <testcase classname="com.mystore.qa.testcases.SignupPageTest" name="signupPageValidationTest" time="0.071"/>
  <testcase classname="com.mystore.qa.testcases.SignupPageTest" name="createNewAccountTest" time="7.859"/>
  <testcase classname="com.mystore.qa.testcases.SearchProductPageTest" name="SearchProductTest" time="4.504"/>
</testsuite> <!-- Test -->
