<?xml version="1.0" encoding="UTF-8"?>
<testsuite xmlns:xsi="http://www.w3.org/2001/XMLSchema-instance" xsi:noNamespaceSchemaLocation="https://maven.apache.org/surefire/maven-surefire-plugin/xsd/surefire-test-report.xsd" version="3.0.2" name="TestSuite" time="133.765" tests="6" errors="0" skipped="0" failures="0">
  <properties>
[...]
</properties>
  <testcase name="indexPageValidationTest" classname="com.mystore.qa.testcases.IndexPageTest" time="0.193">
    <system-out><![CDATA[On Start method invoked....
chrome
----browser open----
Name of test method started:indexPageValidationTest
----on index page----
Name of test method sucessfully executed:indexPageValidationTest
]]></system-out>
    <system-err><![CDATA[Mar 19, 2025 12:27:24 AM org.openqa.selenium.devtools.CdpVersionFinder findNearestMatch
WARNING: Unable to find an exact match for CDP version 134, returning the closest version; found: 131; Please update to a Selenium version that supports CDP version 134
]]></system-err>
  </testcase>
  <testcase name="clickSiginBtnTest" classname="com.mystore.qa.testcases.IndexPageTest" time="1.72">
    <system-out><![CDATA[----browser closed----
chrome
----browser open----
Name of test method started:clickSiginBtnTest
----clicked on signin btn----
Name of test method sucessfully executed:clickSiginBtnTest
]]></system-out>
    <system-err><![CDATA[Mar 19, 2025 12:27:35 AM org.openqa.selenium.devtools.CdpVersionFinder findNearestMatch
WARNING: Unable to find an exact match for CDP version 134, returning the closest version; found: 131; Please update to a Selenium version that supports CDP version 134
]]></system-err>
  </testcase>
  <testcase name="loginPageValidationTest" classname="com.mystore.qa.testcases.LoginPageTest" time="0.076">
    <system-out><![CDATA[----browser closed----
chrome
Name of test method started:loginPageValidationTest
Name of test method sucessfully executed:loginPageValidationTest
]]></system-out>
    <system-err><![CDATA[Mar 19, 2025 12:28:09 AM org.openqa.selenium.devtools.CdpVersionFinder findNearestMatch
WARNING: Unable to find an exact match for CDP version 134, returning the closest version; found: 131; Please update to a Selenium version that supports CDP version 134
]]></system-err>
  </testcase>
  <testcase name="loginTest" classname="com.mystore.qa.testcases.LoginPageTest" time="2.757">
    <system-out><![CDATA[chrome
Name of test method started:loginTest
Name of test method sucessfully executed:loginTest
]]></system-out>
    <system-err><![CDATA[Mar 19, 2025 12:28:19 AM org.openqa.selenium.devtools.CdpVersionFinder findNearestMatch
WARNING: Unable to find an exact match for CDP version 134, returning the closest version; found: 131; Please update to a Selenium version that supports CDP version 134
]]></system-err>
  </testcase>
  <testcase name="signupPageValidationTest" classname="com.mystore.qa.testcases.SignupPageTest" time="0.056">
    <system-out><![CDATA[chrome
Name of test method started:signupPageValidationTest
Name of test method sucessfully executed:signupPageValidationTest
]]></system-out>
    <system-err><![CDATA[Mar 19, 2025 12:28:38 AM org.openqa.selenium.devtools.CdpVersionFinder findNearestMatch
WARNING: Unable to find an exact match for CDP version 134, returning the closest version; found: 131; Please update to a Selenium version that supports CDP version 134
]]></system-err>
  </testcase>
  <testcase name="createNewAccountTest[Vineet, Kumar, VineetKr6543@gmail.com, VineetKr@567#, VineetKr@567#](1)" classname="com.mystore.qa.testcases.SignupPageTest" time="7.618">
    <system-out><![CDATA[chrome
Name of test method started:createNewAccountTest
Name of test method sucessfully executed:createNewAccountTest
]]></system-out>
    <system-err><![CDATA[Mar 19, 2025 12:28:51 AM org.openqa.selenium.devtools.CdpVersionFinder findNearestMatch
WARNING: Unable to find an exact match for CDP version 134, returning the closest version; found: 131; Please update to a Selenium version that supports CDP version 134
]]></system-err>
  </testcase>
</testsuite>