<?xml version="1.0" encoding="UTF-8"?>
<testng-results ignored="0" total="6" passed="6" failed="0" skipped="0">
  <reporter-output>
  </reporter-output>
  <suite started-at="2025-03-19T00:27:20 IST" name="Suite" finished-at="2025-03-19T00:29:31 IST" duration-ms="131022">
    <groups>
    </groups>
    <test started-at="2025-03-19T00:27:20 IST" name="Test" finished-at="2025-03-19T00:29:31 IST" duration-ms="131022">
      <class name="com.mystore.qa.testcases.IndexPageTest">
        <test-method is-config="true" signature="setUp()[pri:0, instance:com.mystore.qa.testcases.IndexPageTest@294a6b8e]" started-at="2025-03-19T00:27:21 IST" name="setUp" finished-at="2025-03-19T00:27:34 IST" duration-ms="13065" status="PASS">
          <reporter-output>
          </reporter-output>
        </test-method> <!-- setUp -->
        <test-method signature="indexPageValidationTest()[pri:1, instance:com.mystore.qa.testcases.IndexPageTest@294a6b8e]" started-at="2025-03-19T00:27:34 IST" name="indexPageValidationTest" finished-at="2025-03-19T00:27:34 IST" duration-ms="169" status="PASS">
          <reporter-output>
          </reporter-output>
        </test-method> <!-- indexPageValidationTest -->
        <test-method is-config="true" signature="tearDown()[pri:0, instance:com.mystore.qa.testcases.IndexPageTest@294a6b8e]" started-at="2025-03-19T00:27:34 IST" name="tearDown" finished-at="2025-03-19T00:27:34 IST" duration-ms="304" status="PASS">
          <reporter-output>
          </reporter-output>
        </test-method> <!-- tearDown -->
        <test-method is-config="true" signature="setUp()[pri:0, instance:com.mystore.qa.testcases.IndexPageTest@294a6b8e]" started-at="2025-03-19T00:27:34 IST" name="setUp" finished-at="2025-03-19T00:28:06 IST" duration-ms="31693" status="PASS">
          <reporter-output>
          </reporter-output>
        </test-method> <!-- setUp -->
        <test-method signature="clickSiginBtnTest()[pri:2, instance:com.mystore.qa.testcases.IndexPageTest@294a6b8e]" started-at="2025-03-19T00:28:06 IST" name="clickSiginBtnTest" finished-at="2025-03-19T00:28:08 IST" duration-ms="1716" status="PASS">
          <reporter-output>
          </reporter-output>
        </test-method> <!-- clickSiginBtnTest -->
        <test-method is-config="true" signature="tearDown()[pri:0, instance:com.mystore.qa.testcases.IndexPageTest@294a6b8e]" started-at="2025-03-19T00:28:08 IST" name="tearDown" finished-at="2025-03-19T00:28:08 IST" duration-ms="399" status="PASS">
          <reporter-output>
          </reporter-output>
        </test-method> <!-- tearDown -->
      </class> <!-- com.mystore.qa.testcases.IndexPageTest -->
      <class name="com.mystore.qa.testcases.LoginPageTest">
        <test-method is-config="true" signature="setUp()[pri:0, instance:com.mystore.qa.testcases.LoginPageTest@5dd1c9f2]" started-at="2025-03-19T00:28:08 IST" name="setUp" finished-at="2025-03-19T00:28:18 IST" duration-ms="10062" status="PASS">
          <reporter-output>
          </reporter-output>
        </test-method> <!-- setUp -->
        <test-method signature="loginPageValidationTest()[pri:1, instance:com.mystore.qa.testcases.LoginPageTest@5dd1c9f2]" started-at="2025-03-19T00:28:18 IST" name="loginPageValidationTest" finished-at="2025-03-19T00:28:18 IST" duration-ms="77" status="PASS">
          <reporter-output>
          </reporter-output>
        </test-method> <!-- loginPageValidationTest -->
        <test-method is-config="true" signature="tearDown()[pri:0, instance:com.mystore.qa.testcases.LoginPageTest@5dd1c9f2]" started-at="2025-03-19T00:28:18 IST" name="tearDown" finished-at="2025-03-19T00:28:18 IST" duration-ms="185" status="PASS">
          <reporter-output>
          </reporter-output>
        </test-method> <!-- tearDown -->
        <test-method is-config="true" signature="setUp()[pri:0, instance:com.mystore.qa.testcases.LoginPageTest@5dd1c9f2]" started-at="2025-03-19T00:28:18 IST" name="setUp" finished-at="2025-03-19T00:28:34 IST" duration-ms="15357" status="PASS">
          <reporter-output>
          </reporter-output>
        </test-method> <!-- setUp -->
        <test-method signature="loginTest()[pri:2, instance:com.mystore.qa.testcases.LoginPageTest@5dd1c9f2]" started-at="2025-03-19T00:28:34 IST" name="loginTest" finished-at="2025-03-19T00:28:36 IST" duration-ms="2757" status="PASS">
          <reporter-output>
          </reporter-output>
        </test-method> <!-- loginTest -->
        <test-method is-config="true" signature="tearDown()[pri:0, instance:com.mystore.qa.testcases.LoginPageTest@5dd1c9f2]" started-at="2025-03-19T00:28:36 IST" name="tearDown" finished-at="2025-03-19T00:28:37 IST" duration-ms="202" status="PASS">
          <reporter-output>
          </reporter-output>
        </test-method> <!-- tearDown -->
      </class> <!-- com.mystore.qa.testcases.LoginPageTest -->
      <class name="com.mystore.qa.testcases.SignupPageTest">
        <test-method is-config="true" signature="setUp()[pri:0, instance:com.mystore.qa.testcases.SignupPageTest@59b38691]" started-at="2025-03-19T00:28:37 IST" name="setUp" finished-at="2025-03-19T00:28:49 IST" duration-ms="12034" status="PASS">
          <reporter-output>
          </reporter-output>
        </test-method> <!-- setUp -->
        <test-method signature="signupPageValidationTest()[pri:1, instance:com.mystore.qa.testcases.SignupPageTest@59b38691]" started-at="2025-03-19T00:28:49 IST" name="signupPageValidationTest" finished-at="2025-03-19T00:28:49 IST" duration-ms="55" status="PASS">
          <reporter-output>
          </reporter-output>
        </test-method> <!-- signupPageValidationTest -->
        <test-method is-config="true" signature="tearDown()[pri:0, instance:com.mystore.qa.testcases.SignupPageTest@59b38691]" started-at="2025-03-19T00:28:49 IST" name="tearDown" finished-at="2025-03-19T00:28:49 IST" duration-ms="192" status="PASS">
          <reporter-output>
          </reporter-output>
        </test-method> <!-- tearDown -->
        <test-method is-config="true" signature="setUp()[pri:0, instance:com.mystore.qa.testcases.SignupPageTest@59b38691]" started-at="2025-03-19T00:28:50 IST" name="setUp" finished-at="2025-03-19T00:29:23 IST" duration-ms="33274" status="PASS">
          <reporter-output>
          </reporter-output>
        </test-method> <!-- setUp -->
        <test-method signature="createNewAccountTest(java.lang.String,java.lang.String,java.lang.String,java.lang.String,java.lang.String)[pri:2, instance:com.mystore.qa.testcases.SignupPageTest@59b38691]" started-at="2025-03-19T00:29:23 IST" name="createNewAccountTest" data-provider="testDataProvider" finished-at="2025-03-19T00:29:31 IST" duration-ms="7618" status="PASS">
          <params>
            <param index="0">
              <value>
                <![CDATA[Vineet]]>
              </value>
            </param>
            <param index="1">
              <value>
                <![CDATA[Kumar]]>
              </value>
            </param>
            <param index="2">
              <value>
                <![CDATA[VineetKr6543@gmail.com]]>
              </value>
            </param>
            <param index="3">
              <value>
                <![CDATA[VineetKr@567#]]>
              </value>
            </param>
            <param index="4">
              <value>
                <![CDATA[VineetKr@567#]]>
              </value>
            </param>
          </params>
          <reporter-output>
          </reporter-output>
        </test-method> <!-- createNewAccountTest -->
        <test-method is-config="true" signature="tearDown()[pri:0, instance:com.mystore.qa.testcases.SignupPageTest@59b38691]" started-at="2025-03-19T00:29:31 IST" name="tearDown" finished-at="2025-03-19T00:29:31 IST" duration-ms="218" status="PASS">
          <reporter-output>
          </reporter-output>
        </test-method> <!-- tearDown -->
      </class> <!-- com.mystore.qa.testcases.SignupPageTest -->
    </test> <!-- Test -->
  </suite> <!-- Suite -->
</testng-results>
