<?xml version="1.0" encoding="UTF-8"?>
<testng-results ignored="0" total="1" passed="1" failed="0" skipped="0">
  <reporter-output>
  </reporter-output>
  <suite started-at="2025-03-27T01:32:22 IST" name="Default suite" finished-at="2025-03-27T01:33:13 IST" duration-ms="51561">
    <groups>
    </groups>
    <test started-at="2025-03-27T01:32:22 IST" name="Default test" finished-at="2025-03-27T01:33:13 IST" duration-ms="51561">
      <class name="com.mystore.qa.testcases.BuyProductPageTest">
        <test-method is-config="true" signature="setUp()[pri:0, instance:com.mystore.qa.testcases.BuyProductPageTest@3e7dd664]" started-at="2025-03-27T01:32:23 IST" name="setUp" finished-at="2025-03-27T01:32:37 IST" duration-ms="14139" status="PASS">
          <reporter-output>
          </reporter-output>
        </test-method> <!-- setUp -->
        <test-method signature="buyProductTest(java.lang.String,java.lang.String,java.lang.String,java.lang.String,java.lang.String,java.lang.String,java.lang.String)[pri:1, instance:com.mystore.qa.testcases.BuyProductPageTest@3e7dd664]" started-at="2025-03-27T01:32:37 IST" name="buyProductTest" data-provider="testDataProvider2" finished-at="2025-03-27T01:33:13 IST" duration-ms="35736" status="PASS">
          <params>
            <param index="0">
              <value>
                <![CDATA[xyz]]>
              </value>
            </param>
            <param index="1">
              <value>
                <![CDATA[Ratnagiri bypass near HP petrol pump]]>
              </value>
            </param>
            <param index="2">
              <value>
                <![CDATA[Bhopal]]>
              </value>
            </param>
            <param index="3">
              <value>
                <![CDATA[Madhya Pradesh]]>
              </value>
            </param>
            <param index="4">
              <value>
                <![CDATA[462021]]>
              </value>
            </param>
            <param index="5">
              <value>
                <![CDATA[India]]>
              </value>
            </param>
            <param index="6">
              <value>
                <![CDATA[7667892201]]>
              </value>
            </param>
          </params>
          <reporter-output>
          </reporter-output>
        </test-method> <!-- buyProductTest -->
        <test-method is-config="true" signature="tearDown()[pri:0, instance:com.mystore.qa.testcases.BuyProductPageTest@3e7dd664]" started-at="2025-03-27T01:33:13 IST" name="tearDown" finished-at="2025-03-27T01:33:13 IST" duration-ms="439" status="PASS">
          <reporter-output>
          </reporter-output>
        </test-method> <!-- tearDown -->
      </class> <!-- com.mystore.qa.testcases.BuyProductPageTest -->
    </test> <!-- Default test -->
  </suite> <!-- Default suite -->
</testng-results>
