<?xml version="1.0" encoding="UTF-8"?>
<testng-results ignored="0" total="6" passed="6" failed="0" skipped="0">
  <reporter-output>
  </reporter-output>
  <suite started-at="2025-03-17T23:51:27 IST" name="Suite" finished-at="2025-03-17T23:52:44 IST" duration-ms="77568">
    <groups>
    </groups>
    <test started-at="2025-03-17T23:51:27 IST" name="Test" finished-at="2025-03-17T23:52:44 IST" duration-ms="77568">
      <class name="com.mystore.qa.testcases.IndexPageTest">
        <test-method is-config="true" signature="setUp()[pri:0, instance:com.mystore.qa.testcases.IndexPageTest@4f25b795]" started-at="2025-03-17T23:51:27 IST" name="setUp" finished-at="2025-03-17T23:51:39 IST" duration-ms="11308" status="PASS">
          <reporter-output>
          </reporter-output>
        </test-method> <!-- setUp -->
        <test-method signature="indexPageValidationTest()[pri:1, instance:com.mystore.qa.testcases.IndexPageTest@4f25b795]" started-at="2025-03-17T23:51:39 IST" name="indexPageValidationTest" finished-at="2025-03-17T23:51:39 IST" duration-ms="372" status="PASS">
          <reporter-output>
          </reporter-output>
        </test-method> <!-- indexPageValidationTest -->
        <test-method is-config="true" signature="tearDown()[pri:0, instance:com.mystore.qa.testcases.IndexPageTest@4f25b795]" started-at="2025-03-17T23:51:39 IST" name="tearDown" finished-at="2025-03-17T23:51:39 IST" duration-ms="466" status="PASS">
          <reporter-output>
          </reporter-output>
        </test-method> <!-- tearDown -->
        <test-method is-config="true" signature="setUp()[pri:0, instance:com.mystore.qa.testcases.IndexPageTest@4f25b795]" started-at="2025-03-17T23:51:39 IST" name="setUp" finished-at="2025-03-17T23:51:48 IST" duration-ms="8800" status="PASS">
          <reporter-output>
          </reporter-output>
        </test-method> <!-- setUp -->
        <test-method signature="clickSiginBtnTest()[pri:2, instance:com.mystore.qa.testcases.IndexPageTest@4f25b795]" started-at="2025-03-17T23:51:48 IST" name="clickSiginBtnTest" finished-at="2025-03-17T23:51:50 IST" duration-ms="1573" status="PASS">
          <reporter-output>
          </reporter-output>
        </test-method> <!-- clickSiginBtnTest -->
        <test-method is-config="true" signature="tearDown()[pri:0, instance:com.mystore.qa.testcases.IndexPageTest@4f25b795]" started-at="2025-03-17T23:51:50 IST" name="tearDown" finished-at="2025-03-17T23:51:50 IST" duration-ms="331" status="PASS">
          <reporter-output>
          </reporter-output>
        </test-method> <!-- tearDown -->
      </class> <!-- com.mystore.qa.testcases.IndexPageTest -->
      <class name="com.mystore.qa.testcases.LoginPageTest">
        <test-method is-config="true" signature="setUp()[pri:0, instance:com.mystore.qa.testcases.LoginPageTest@7e3181aa]" started-at="2025-03-17T23:51:50 IST" name="setUp" finished-at="2025-03-17T23:52:02 IST" duration-ms="11815" status="PASS">
          <reporter-output>
          </reporter-output>
        </test-method> <!-- setUp -->
        <test-method signature="loginPageValidationTest()[pri:1, instance:com.mystore.qa.testcases.LoginPageTest@7e3181aa]" started-at="2025-03-17T23:52:02 IST" name="loginPageValidationTest" finished-at="2025-03-17T23:52:02 IST" duration-ms="63" status="PASS">
          <reporter-output>
          </reporter-output>
        </test-method> <!-- loginPageValidationTest -->
        <test-method is-config="true" signature="tearDown()[pri:0, instance:com.mystore.qa.testcases.LoginPageTest@7e3181aa]" started-at="2025-03-17T23:52:02 IST" name="tearDown" finished-at="2025-03-17T23:52:02 IST" duration-ms="324" status="PASS">
          <reporter-output>
          </reporter-output>
        </test-method> <!-- tearDown -->
        <test-method is-config="true" signature="setUp()[pri:0, instance:com.mystore.qa.testcases.LoginPageTest@7e3181aa]" started-at="2025-03-17T23:52:02 IST" name="setUp" finished-at="2025-03-17T23:52:12 IST" duration-ms="9856" status="PASS">
          <reporter-output>
          </reporter-output>
        </test-method> <!-- setUp -->
        <test-method signature="loginTest()[pri:2, instance:com.mystore.qa.testcases.LoginPageTest@7e3181aa]" started-at="2025-03-17T23:52:12 IST" name="loginTest" finished-at="2025-03-17T23:52:15 IST" duration-ms="3137" status="PASS">
          <reporter-output>
          </reporter-output>
        </test-method> <!-- loginTest -->
        <test-method is-config="true" signature="tearDown()[pri:0, instance:com.mystore.qa.testcases.LoginPageTest@7e3181aa]" started-at="2025-03-17T23:52:15 IST" name="tearDown" finished-at="2025-03-17T23:52:16 IST" duration-ms="324" status="PASS">
          <reporter-output>
          </reporter-output>
        </test-method> <!-- tearDown -->
      </class> <!-- com.mystore.qa.testcases.LoginPageTest -->
      <class name="com.mystore.qa.testcases.SignupPageTest">
        <test-method is-config="true" signature="setUp()[pri:0, instance:com.mystore.qa.testcases.SignupPageTest@253d9f73]" started-at="2025-03-17T23:52:16 IST" name="setUp" finished-at="2025-03-17T23:52:25 IST" duration-ms="9276" status="PASS">
          <reporter-output>
          </reporter-output>
        </test-method> <!-- setUp -->
        <test-method signature="signupPageValidationTest()[pri:1, instance:com.mystore.qa.testcases.SignupPageTest@253d9f73]" started-at="2025-03-17T23:52:25 IST" name="signupPageValidationTest" finished-at="2025-03-17T23:52:25 IST" duration-ms="276" status="PASS">
          <reporter-output>
          </reporter-output>
        </test-method> <!-- signupPageValidationTest -->
        <test-method is-config="true" signature="tearDown()[pri:0, instance:com.mystore.qa.testcases.SignupPageTest@253d9f73]" started-at="2025-03-17T23:52:25 IST" name="tearDown" finished-at="2025-03-17T23:52:26 IST" duration-ms="293" status="PASS">
          <reporter-output>
          </reporter-output>
        </test-method> <!-- tearDown -->
        <test-method is-config="true" signature="setUp()[pri:0, instance:com.mystore.qa.testcases.SignupPageTest@253d9f73]" started-at="2025-03-17T23:52:26 IST" name="setUp" finished-at="2025-03-17T23:52:36 IST" duration-ms="10377" status="PASS">
          <reporter-output>
          </reporter-output>
        </test-method> <!-- setUp -->
        <test-method signature="createNewAccountTest()[pri:2, instance:com.mystore.qa.testcases.SignupPageTest@253d9f73]" started-at="2025-03-17T23:52:36 IST" name="createNewAccountTest" finished-at="2025-03-17T23:52:44 IST" duration-ms="7997" status="PASS">
          <reporter-output>
          </reporter-output>
        </test-method> <!-- createNewAccountTest -->
        <test-method is-config="true" signature="tearDown()[pri:0, instance:com.mystore.qa.testcases.SignupPageTest@253d9f73]" started-at="2025-03-17T23:52:44 IST" name="tearDown" finished-at="2025-03-17T23:52:44 IST" duration-ms="377" status="PASS">
          <reporter-output>
          </reporter-output>
        </test-method> <!-- tearDown -->
      </class> <!-- com.mystore.qa.testcases.SignupPageTest -->
    </test> <!-- Test -->
  </suite> <!-- Suite -->
</testng-results>
